build/app/intermediates/manifest_merge_blame_file/release/manifest-merger-blame-release-report.txt
1<?xml version="1.0" encoding="utf-8"?>
2<manifest xmlns:android="http://schemas.android.com/apk/res/android"
3    package="com.headlinesnow.headlines_now_app"
4    android:versionCode="2"
5    android:versionName="1.0.0" >
6
7    <uses-sdk
8        android:minSdkVersion="16"
8-->src/main/AndroidManifest.xml
9        android:targetSdkVersion="28" />
9-->src/main/AndroidManifest.xml
10
11    <uses-permission android:name="android.permission.INTERNET" />
11-->src/main/AndroidManifest.xml:30:5-67
11-->src/main/AndroidManifest.xml:30:22-64
12    <uses-permission android:name="com.android.vending.BILLING" />
12-->src/main/AndroidManifest.xml:31:5-67
12-->src/main/AndroidManifest.xml:31:22-64
13    <!--
14     io.flutter.app.FlutterApplication is an android.app.Application that
15         calls FlutterMain.startInitialization(this); in its onCreate method.
16         In most cases you can leave this as-is, but you if you want to provide
17         additional functionality it is fine to subclass or reimplement
18         FlutterApplication and put your custom class here.
19    -->
20    <application
20-->src/main/AndroidManifest.xml:8:5-29:19
21        android:name="io.flutter.app.FlutterApplication"
21-->src/main/AndroidManifest.xml:9:9-57
22        android:appComponentFactory="androidx.core.app.CoreComponentFactory"
22-->[androidx.core:core:1.0.0] AndroidManifest.xml:22:18-86
23        android:icon="@mipmap/ic_launcher"
23-->src/main/AndroidManifest.xml:11:9-43
24        android:label="Re-porter" >
24-->src/main/AndroidManifest.xml:10:9-34
25        <activity
25-->src/main/AndroidManifest.xml:12:9-23:20
26            android:name="com.headlinesnow.headlines_now_app.MainActivity"
26-->src/main/AndroidManifest.xml:13:13-41
27            android:configChanges="orientation|keyboardHidden|keyboard|screenSize|smallestScreenSize|locale|layoutDirection|fontScale|screenLayout|density|uiMode"
27-->src/main/AndroidManifest.xml:16:13-163
28            android:hardwareAccelerated="true"
28-->src/main/AndroidManifest.xml:17:13-47
29            android:launchMode="singleTop"
29-->src/main/AndroidManifest.xml:14:13-43
30            android:theme="@style/LaunchTheme"
30-->src/main/AndroidManifest.xml:15:13-47
31            android:windowSoftInputMode="adjustResize" >
31-->src/main/AndroidManifest.xml:18:13-55
32            <intent-filter>
32-->src/main/AndroidManifest.xml:19:13-22:29
33                <action android:name="android.intent.action.MAIN" />
33-->src/main/AndroidManifest.xml:20:17-68
33-->src/main/AndroidManifest.xml:20:25-66
34
35                <category android:name="android.intent.category.LAUNCHER" />
35-->src/main/AndroidManifest.xml:21:17-76
35-->src/main/AndroidManifest.xml:21:27-74
36            </intent-filter>
37        </activity>
38        <!--
39             Don't delete the meta-data below.
40             This is used by the Flutter tool to generate GeneratedPluginRegistrant.java
41        -->
42        <meta-data
42-->src/main/AndroidManifest.xml:26:9-28:33
43            android:name="flutterEmbedding"
43-->src/main/AndroidManifest.xml:27:13-44
44            android:value="2" />
44-->src/main/AndroidManifest.xml:28:13-30
45    </application>
46
47</manifest>